<?xml version="1.0" encoding="UTF-8"?>
<testng-results skipped="0" failed="0" ignored="0" total="1" passed="1">
  <reporter-output>
  </reporter-output>
  <suite name="Default suite" duration-ms="2262" started-at="2021-09-13T06:57:26Z" finished-at="2021-09-13T06:57:29Z">
    <groups>
    </groups>
    <test name="Default test" duration-ms="2262" started-at="2021-09-13T06:57:26Z" finished-at="2021-09-13T06:57:29Z">
      <class name="com.ExcelReading.TestExcel">
        <test-method status="PASS" signature="callExcelFile()[pri:0, instance:com.ExcelReading.TestExcel@3a82f6ef]" name="callExcelFile" duration-ms="2168" started-at="2021-09-13T12:27:26Z" finished-at="2021-09-13T12:27:29Z">
          <reporter-output>
          </reporter-output>
        </test-method> <!-- callExcelFile -->
      </class> <!-- com.ExcelReading.TestExcel -->
    </test> <!-- Default test -->
  </suite> <!-- Default suite -->
</testng-results>
